ucliGUI::start /afs/ece.cmu.edu/usr/mwguo/private/15418/n-body-on-fpga/naive/simv -ucligui 
set ucliGUI::state
set ucliGUI::state
ucliCore::getToolPID
synopsys::env hasTB
trigger_hier_stack_context_switch 0
synUtils::setDVEInitPhase 1
synopsys::dump -type VPD -file /afs/ece.cmu.edu/usr/mwguo/private/15418/n-body-on-fpga/naive/inter.vpd -locking
synopsys::dump -autoflush on -fid VPD12
set ::dve_fid VPD12
synUtils::setDVEInitPhase 0
ucliCore::getToolPID
synUtils::sendTool -active _icl_setToolSocket /tmp/smlnpkzn8vM
synUtils::sendTool -active {_icl_start_rpc -version "K-2015.09_Full64" -sync_file /tmp/vcs_dve_rpc.mwguo.3369674}
synUtils::sendTool -active {_icl_createSharedMemory /tmp/vcs_dve_general.mwguo.3369674}
config endofsim noexit
config onfail enable all
config syscaddplainmembers
config syscaddsourcenames
config syscaddstructtypes
synopsys::listing -disable
# Begin_DVE_Session_Save_Info
# DVE restart session
# Saved on Wed Apr 9 13:36:59 2025
# Designs open: 1
#   Sim: /afs/ece.cmu.edu/usr/mwguo/private/15418/n-body-on-fpga/naive/simv
# Toplevel windows open: 2
# 	TopLevel.1
# 	TopLevel.2
#   Source.1: NBodySim_tb
#   Wave.1: 44 signals
#   Group count = 4
#   Group Group1 signal count = 30
#   Group Group2 signal count = 14
#   Group Group3 signal count = 14
#   Group Group4 signal count = 30
# End_DVE_Session_Save_Info
# DVE version: K-2015.09_Full64
# DVE build date: Aug 25 2015 21:36:02
#<Session mode="Restart" path=".restartSimSession.tcl" type="Debug">
# Application preferences
#<WindowLayout>
# DVE top-level session
# Create and position top-level window: TopLevel.1
set TopLevel.1 TopLevel.1
# Docked window settings
set HSPane.1 HSPane.1
set Hier.1 Hier.1
set DLPane.1 DLPane.1
set Data.1 Data.1
set Console.1 Console.1
# MDI window settings
set Source.1 Source.1
# End MDI window settings
# Create and position top-level window: TopLevel.2
set TopLevel.2 TopLevel.2
# Docked window settings
# MDI window settings
set Wave.1 Wave.1
# End MDI window settings
#</WindowLayout>
#<Database>
#</Database>
# DVE Global setting session:
# Global: Breakpoints
# Global: Bus
# Global: Expressions
# Global: Signal Time Shift
# Global: Signal Compare
# Global: Signal Groups
set _session_group_27 Group1
set Group1 "$_session_group_27"
set _session_group_28 Group2
set Group2 "$_session_group_28"
set _session_group_29 Group3
set Group3 "$_session_group_29"
set _session_group_30 Group4
set Group4 "$_session_group_30"
# Global: Highlighting
# Global: Stack
# Post database loading setting...
# Save global setting...
# Wave/List view global setting
# Close all empty TopLevel windows
foreach __top [gui_ekki_get_window_ids -type TopLevel] {     if { [llength [gui_ekki_get_window_ids -parent $__top]] == 0} {         gui_close_window -window $__top     } }
# DVE View/pane content session:
# Hier 'Hier.1'
catch {gui_list_expand -id ${Hier.1} NBodySim_tb}
catch {gui_list_select -id ${Hier.1} {NBodySim_tb.sim}}
# Data 'Data.1'
catch { gui_list_select -id ${Data.1} {NBodySim_tb.sim.nextState NBodySim_tb.sim.read_body NBodySim_tb.sim.reset NBodySim_tb.sim.G NBodySim_tb.sim.DT NBodySim_tb.sim.ADDR_WIDTH NBodySim_tb.sim.i NBodySim_tb.sim.j NBodySim_tb.sim.incr_i NBodySim_tb.sim.fc_en NBodySim_tb.sim.addr NBodySim_tb.sim.incr_j NBodySim_tb.sim.N NBodySim_tb.sim.SOFTENING NBodySim_tb.sim.total_force_x NBodySim_tb.sim.wr_en NBodySim_tb.sim.total_force_y NBodySim_tb.sim.fc_valid NBodySim_tb.sim.register_i NBodySim_tb.sim.register_j NBodySim_tb.sim.currState NBodySim_tb.sim.force_x NBodySim_tb.sim.force_y NBodySim_tb.sim.clk NBodySim_tb.sim.body_i NBodySim_tb.sim.body_j NBodySim_tb.sim.write_data NBodySim_tb.sim.done NBodySim_tb.sim.start NBodySim_tb.sim.fc_done }}
# Source 'Source.1'
# View 'Wave.1'
set groupExD [gui_get_pref_value -category Wave -key exclusiveSG]
set origWaveHeight [gui_get_pref_value -category Wave -key waveRowHeight]
set origGroupCreationState [gui_list_create_group_when_add -wave]
synopsys::dump -add {NBodySim_tb.sim.FORCE.body_i NBodySim_tb.sim.FORCE.body_j NBodySim_tb.sim.FORCE.clk NBodySim_tb.sim.FORCE.enable NBodySim_tb.sim.FORCE.force_x NBodySim_tb.sim.FORCE.force_y NBodySim_tb.sim.FORCE.reset NBodySim_tb.sim.FORCE.s1 NBodySim_tb.sim.FORCE.s2 NBodySim_tb.sim.FORCE.s3 NBodySim_tb.sim.FORCE.s4 NBodySim_tb.sim.FORCE.s5 NBodySim_tb.sim.FORCE.valid_in NBodySim_tb.sim.FORCE.valid_out } -aggregates  -fid VPD12
ucliGUI::vpdAddHierarchy -scope NBodySim_tb.sim -depth 1 -file /afs/ece.cmu.edu/usr/mwguo/private/15418/n-body-on-fpga/naive/inter.vpd; synopsys::dump -flush VPD12
synopsys::dump -add {NBodySim_tb.sim.ADDR_WIDTH NBodySim_tb.sim.DT NBodySim_tb.sim.G NBodySim_tb.sim.N NBodySim_tb.sim.SOFTENING NBodySim_tb.sim.addr NBodySim_tb.sim.currState NBodySim_tb.sim.done NBodySim_tb.sim.i NBodySim_tb.sim.incr_i NBodySim_tb.sim.incr_j NBodySim_tb.sim.j NBodySim_tb.sim.nextState NBodySim_tb.sim.read_body NBodySim_tb.sim.register_i NBodySim_tb.sim.register_j NBodySim_tb.sim.start NBodySim_tb.sim.total_force_x NBodySim_tb.sim.total_force_y NBodySim_tb.sim.wr_en NBodySim_tb.sim.write_data } -aggregates  -fid VPD12
if {$origGroupCreationState} { 	gui_list_create_group_when_add -wave -enable }
if { $groupExD } {  gui_msg_report -code DVWW028 }
# Restore toplevel window zorder
# The toplevel window could be closed if it has no view/pane
if {[gui_exist_window -window ${TopLevel.1}]} { 	gui_set_active_window -window ${TopLevel.1} 	gui_set_active_window -window ${Source.1} 	gui_set_active_window -window ${DLPane.1} }
if {[gui_exist_window -window ${TopLevel.2}]} { 	gui_set_active_window -window ${TopLevel.2} 	gui_set_active_window -window ${Wave.1} }
#</Session>
synopsys::run
set ucliGUI::state
set ucliGUI::state
set ucliGUI::state
set ucliGUI::state
