# Preference setting overrides
gui_create_pref_key -category {Globals} -key {load_detail_for_funcov} -value_type {bool} -value {false}

# State setting overrides
gui_state_default_create -off -ini
gui_set_state_value -category Layout -key child_console_size_x -value 2046
gui_set_state_value -category Layout -key child_console_size_y -value 178
gui_set_state_value -category Layout -key child_data_size_x -value 242
gui_set_state_value -category Layout -key child_data_size_y -value 802
gui_set_state_value -category Layout -key child_hier_col3 -value {-1}
gui_set_state_value -category Layout -key child_hier_colpd -value 0
gui_set_state_value -category Layout -key child_hier_size_x -value 173
gui_set_state_value -category Layout -key child_hier_size_y -value 802
gui_set_state_value -category Layout -key child_source_pos_x -value {-2}
gui_set_state_value -category Layout -key child_source_pos_y -value {-15}
gui_set_state_value -category Layout -key child_source_size_x -value 1634
gui_set_state_value -category Layout -key child_source_size_y -value 797
gui_set_state_value -category Layout -key child_wave_colname -value 316
gui_set_state_value -category Layout -key child_wave_colvalue -value 274
gui_set_state_value -category Layout -key child_wave_left -value 594
gui_set_state_value -category Layout -key child_wave_right -value 1448
gui_set_state_value -category Layout -key main_pos_x -value 2048
gui_set_state_value -category Layout -key main_pos_y -value 31
gui_set_state_value -category Layout -key main_size_x -value 4094
gui_set_state_value -category Layout -key main_size_y -value 1110
gui_set_state_value -category Layout -key stand_wave_child_pos_x -value {-2}
gui_set_state_value -category Layout -key stand_wave_child_pos_y -value {-15}
gui_set_state_value -category Layout -key stand_wave_child_size_x -value 2052
gui_set_state_value -category Layout -key stand_wave_child_size_y -value 976
gui_set_state_value -category Layout -key stand_wave_top_pos_x -value 2048
gui_set_state_value -category Layout -key stand_wave_top_pos_y -value 23
gui_set_state_value -category Layout -key stand_wave_top_size_x -value 4095
gui_set_state_value -category Layout -key stand_wave_top_size_y -value 1103
gui_create_state_key -category FindDialog -key m_pMatchCase -value_type bool -value false
gui_create_state_key -category FindDialog -key m_pMatchWord -value_type bool -value false
gui_create_state_key -category FindDialog -key m_pUseCombo -value_type string -value {}
gui_create_state_key -category FindDialog -key m_pWrapAround -value_type bool -value true
gui_create_state_key -category Widget_History -key {dlgSimSetup|m_setupTab|tab pages|BuildTab|m_rebuildBtnGroup|m_customCmdCombo} -value_type string -value {{make build} {make sim TEST=447inputs/brtest0.S} {make verify TEST=447inputs/brtest0.S}}
gui_create_state_key -category Widget_History -key {dlgSimSetup|m_setupTab|tab pages|SimTab|m_VPDCombo} -value_type string -value inter.vpd
gui_create_state_key -category Widget_History -key {dlgSimSetup|m_setupTab|tab pages|SimTab|m_curDirCombo} -value_type string -value /afs/ece.cmu.edu/usr/mwguo/private/18447/lab3-the-guohts/output/simulation
gui_create_state_key -category Widget_History -key {dlgSimSetup|m_setupTab|tab pages|SimTab|m_exeCombo} -value_type string -value ./riscv_core
gui_state_default_create -off

# Begin command logging
gui_sim_run Ucli -exe ./simv -args {-ucligui  } -dir .
gui_list_expand -id  Hier.1   NBodySim_tb
gui_list_select -id Hier.1 -current_item_name NBodySim_tb.sim -current_item_type Scope  -selected  { NBodySim_tb.sim   }
gui_list_select_all -id Hier.1
gui_list_select -id Hier.1 -current_item_name NBodySim_tb -current_item_type Scope  -selected  {  }
gui_list_select -id Hier.1 -current_item_name NBodySim_tb.sim -current_item_type Scope  -selected  { NBodySim_tb.sim   }
gui_list_select -id Data.1 -selected  { NBodySim_tb.sim.clk   }
gui_list_show_data -select -id  Data.1   NBodySim_tb.sim.clk
gui_list_select -id Data.1 -selected  {  }
gui_list_select -id Data.1 { NBodySim_tb.sim.clk  NBodySim_tb.sim.reset  NBodySim_tb.sim.start  NBodySim_tb.sim.done  NBodySim_tb.sim.read_body  NBodySim_tb.sim.body_i  NBodySim_tb.sim.body_j  NBodySim_tb.sim.register_i  NBodySim_tb.sim.register_j  NBodySim_tb.sim.fc_en  NBodySim_tb.sim.fc_done  NBodySim_tb.sim.fc_valid  {NBodySim_tb.sim.force_x[31:0]}  {NBodySim_tb.sim.force_y[31:0]}  {NBodySim_tb.sim.total_force_x[31:0]}  {NBodySim_tb.sim.total_force_y[31:0]}  {NBodySim_tb.sim.i[7:0]}  {NBodySim_tb.sim.j[7:0]}  NBodySim_tb.sim.incr_i  NBodySim_tb.sim.incr_j  {NBodySim_tb.sim.addr[14:0]}  {NBodySim_tb.sim.write_data[79:0]}  NBodySim_tb.sim.wr_en  NBodySim_tb.sim.currState  NBodySim_tb.sim.nextState  {NBodySim_tb.sim.N[31:0]}  {NBodySim_tb.sim.ADDR_WIDTH[31:0]}  {NBodySim_tb.sim.DT[31:0]}  {NBodySim_tb.sim.G[31:0]}  {NBodySim_tb.sim.SOFTENING[31:0]}  {NBodySim_tb.sim.G[31:0]}  {NBodySim_tb.sim.SOFTENING[31:0]}  {NBodySim_tb.sim.G[31:0]}  {NBodySim_tb.sim.DT[31:0]}  {NBodySim_tb.sim.G[31:0]}  {NBodySim_tb.sim.DT[31:0]}  {NBodySim_tb.sim.ADDR_WIDTH[31:0]}  {NBodySim_tb.sim.DT[31:0]}  {NBodySim_tb.sim.ADDR_WIDTH[31:0]}  NBodySim_tb.sim.nextState  {NBodySim_tb.sim.N[31:0]}  {NBodySim_tb.sim.ADDR_WIDTH[31:0]}  NBodySim_tb.sim.nextState  {NBodySim_tb.sim.write_data[79:0]}  NBodySim_tb.sim.wr_en  NBodySim_tb.sim.currState  NBodySim_tb.sim.nextState  {NBodySim_tb.sim.write_data[79:0]}  NBodySim_tb.sim.incr_j  {NBodySim_tb.sim.addr[14:0]}  {NBodySim_tb.sim.write_data[79:0]}  NBodySim_tb.sim.incr_j  {NBodySim_tb.sim.j[7:0]}  NBodySim_tb.sim.incr_i  NBodySim_tb.sim.incr_j  {NBodySim_tb.sim.j[7:0]}  {NBodySim_tb.sim.total_force_x[31:0]}  {NBodySim_tb.sim.total_force_y[31:0]}  {NBodySim_tb.sim.i[7:0]}  {NBodySim_tb.sim.j[7:0]}  {NBodySim_tb.sim.total_force_x[31:0]}  {NBodySim_tb.sim.force_x[31:0]}  {NBodySim_tb.sim.force_y[31:0]}  {NBodySim_tb.sim.total_force_x[31:0]}  {NBodySim_tb.sim.force_x[31:0]}  NBodySim_tb.sim.fc_done  NBodySim_tb.sim.fc_valid  {NBodySim_tb.sim.force_x[31:0]}  NBodySim_tb.sim.fc_done  NBodySim_tb.sim.register_j  NBodySim_tb.sim.fc_en  NBodySim_tb.sim.fc_done  NBodySim_tb.sim.register_j  NBodySim_tb.sim.body_j  NBodySim_tb.sim.register_i  NBodySim_tb.sim.register_j  NBodySim_tb.sim.body_j  NBodySim_tb.sim.body_i  NBodySim_tb.sim.body_j  NBodySim_tb.sim.body_i  NBodySim_tb.sim.read_body  NBodySim_tb.sim.body_i  NBodySim_tb.sim.read_body  NBodySim_tb.sim.done  NBodySim_tb.sim.read_body  NBodySim_tb.sim.done  NBodySim_tb.sim.start  NBodySim_tb.sim.done  NBodySim_tb.sim.start  NBodySim_tb.sim.reset  NBodySim_tb.sim.start  NBodySim_tb.sim.reset  NBodySim_tb.sim.start  NBodySim_tb.sim.done  NBodySim_tb.sim.read_body  NBodySim_tb.sim.body_i  NBodySim_tb.sim.body_j  NBodySim_tb.sim.register_i  NBodySim_tb.sim.register_j  NBodySim_tb.sim.fc_en  NBodySim_tb.sim.fc_done  NBodySim_tb.sim.fc_valid  {NBodySim_tb.sim.force_x[31:0]}  {NBodySim_tb.sim.force_y[31:0]}  {NBodySim_tb.sim.total_force_x[31:0]}  {NBodySim_tb.sim.total_force_y[31:0]}  {NBodySim_tb.sim.i[7:0]}  {NBodySim_tb.sim.j[7:0]}  NBodySim_tb.sim.incr_i  NBodySim_tb.sim.incr_j  {NBodySim_tb.sim.addr[14:0]}  {NBodySim_tb.sim.write_data[79:0]}  NBodySim_tb.sim.wr_en  NBodySim_tb.sim.currState  NBodySim_tb.sim.nextState  {NBodySim_tb.sim.N[31:0]}  {NBodySim_tb.sim.ADDR_WIDTH[31:0]}  {NBodySim_tb.sim.DT[31:0]}  {NBodySim_tb.sim.G[31:0]}  {NBodySim_tb.sim.SOFTENING[31:0]}   }
gui_open_window Wave
gui_list_add -id Wave.1 -from Data.1 { NBodySim_tb.sim.clk NBodySim_tb.sim.reset NBodySim_tb.sim.start NBodySim_tb.sim.done NBodySim_tb.sim.read_body NBodySim_tb.sim.body_i NBodySim_tb.sim.body_j NBodySim_tb.sim.register_i NBodySim_tb.sim.register_j NBodySim_tb.sim.fc_en NBodySim_tb.sim.fc_done NBodySim_tb.sim.fc_valid {NBodySim_tb.sim.force_x[31:0]} {NBodySim_tb.sim.force_y[31:0]} {NBodySim_tb.sim.total_force_x[31:0]} {NBodySim_tb.sim.total_force_y[31:0]} {NBodySim_tb.sim.i[7:0]} {NBodySim_tb.sim.j[7:0]} NBodySim_tb.sim.incr_i NBodySim_tb.sim.incr_j {NBodySim_tb.sim.addr[14:0]} {NBodySim_tb.sim.write_data[79:0]} NBodySim_tb.sim.wr_en NBodySim_tb.sim.currState NBodySim_tb.sim.nextState {NBodySim_tb.sim.N[31:0]} {NBodySim_tb.sim.ADDR_WIDTH[31:0]} {NBodySim_tb.sim.DT[31:0]} {NBodySim_tb.sim.G[31:0]} {NBodySim_tb.sim.SOFTENING[31:0]} } -insertionbar
gui_sim_continue  
gui_wv_scroll_hslidermove -id  Wave.1 1047639
gui_wv_zoom_timerange -id  Wave.1 348495 348518
gui_zoom -window Wave.1 -factor 0.5
gui_zoom -window Wave.1 -factor 0.5
gui_zoom -window Wave.1 -factor 0.5
gui_zoom -window Wave.1 -factor 0.5
gui_zoom -window Wave.1 -factor 0.5
gui_zoom -window Wave.1 -factor 0.5
gui_zoom -window Wave.1 -factor 0.5
gui_zoom -window Wave.1 -factor 0.5
gui_zoom -window Wave.1 -factor 0.5
gui_zoom -window Wave.1 -factor 0.5
gui_zoom -window Wave.1 -factor 0.5
gui_zoom -window Wave.1 -factor 0.5
gui_wv_scroll_hslidermove -id  Wave.1 3896
gui_marker_move -id  Wave.1 C1 395000
gui_list_select -id Wave.1 -selected  { {NBodySim_tb.sim.i[7:0]}   }
gui_list_select -id Wave.1 -selected  { {NBodySim_tb.sim.i[7:0]}  {NBodySim_tb.sim.j[7:0]}   }
gui_wv_scroll_hslidermove -id  Wave.1 3252
gui_list_select -id Wave.1 -selected  { {NBodySim_tb.sim.i[7:0]}  {NBodySim_tb.sim.j[7:0]}  NBodySim_tb.sim.fc_done   }
gui_list_select -id Wave.1 -selected  { {NBodySim_tb.sim.i[7:0]}  {NBodySim_tb.sim.j[7:0]}  NBodySim_tb.sim.fc_done  NBodySim_tb.sim.fc_en   }
gui_wv_scroll_hslidermove -id  Wave.1 804
gui_list_select -id Hier.1 -current_item_name NBodySim_tb.sim -current_item_type Scope  -selected  {  }
gui_list_select -id Hier.1 -current_item_name NBodySim_tb.sim.FORCE -current_item_type Scope  -selected  { NBodySim_tb.sim.FORCE   }
gui_list_select -id Data.1 { NBodySim_tb.sim.FORCE.clk  NBodySim_tb.sim.FORCE.reset  NBodySim_tb.sim.FORCE.enable  NBodySim_tb.sim.FORCE.body_i  NBodySim_tb.sim.FORCE.body_j  NBodySim_tb.sim.FORCE.valid_in  {NBodySim_tb.sim.FORCE.force_x[31:0]}  {NBodySim_tb.sim.FORCE.force_y[31:0]}  NBodySim_tb.sim.FORCE.valid_out  NBodySim_tb.sim.FORCE.s1  NBodySim_tb.sim.FORCE.s2  NBodySim_tb.sim.FORCE.s3  NBodySim_tb.sim.FORCE.s4  NBodySim_tb.sim.FORCE.s5  NBodySim_tb.sim.FORCE.s6  {NBodySim_tb.sim.FORCE.softening_sq[31:0]}  {NBodySim_tb.sim.FORCE.sqrt_dist_sq[31:0]}  {NBodySim_tb.sim.FORCE.inv_dist[31:0]}  {NBodySim_tb.sim.FORCE.inv_dist3[31:0]}  {NBodySim_tb.sim.FORCE.magnitude[31:0]}  {NBodySim_tb.sim.FORCE.G[31:0]}  {NBodySim_tb.sim.FORCE.SOFTENING[31:0]}  {NBodySim_tb.sim.FORCE.G[31:0]}  {NBodySim_tb.sim.FORCE.SOFTENING[31:0]}  {NBodySim_tb.sim.FORCE.G[31:0]}  {NBodySim_tb.sim.FORCE.magnitude[31:0]}  {NBodySim_tb.sim.FORCE.G[31:0]}  {NBodySim_tb.sim.FORCE.magnitude[31:0]}  {NBodySim_tb.sim.FORCE.inv_dist3[31:0]}  {NBodySim_tb.sim.FORCE.magnitude[31:0]}  {NBodySim_tb.sim.FORCE.inv_dist3[31:0]}  {NBodySim_tb.sim.FORCE.inv_dist[31:0]}  {NBodySim_tb.sim.FORCE.inv_dist3[31:0]}  {NBodySim_tb.sim.FORCE.inv_dist[31:0]}  {NBodySim_tb.sim.FORCE.softening_sq[31:0]}  {NBodySim_tb.sim.FORCE.sqrt_dist_sq[31:0]}  {NBodySim_tb.sim.FORCE.inv_dist[31:0]}  {NBodySim_tb.sim.FORCE.softening_sq[31:0]}  NBodySim_tb.sim.FORCE.s6  {NBodySim_tb.sim.FORCE.softening_sq[31:0]}  NBodySim_tb.sim.FORCE.s6  NBodySim_tb.sim.FORCE.s5  NBodySim_tb.sim.FORCE.s6  NBodySim_tb.sim.FORCE.s5  NBodySim_tb.sim.FORCE.s4  NBodySim_tb.sim.FORCE.s5  NBodySim_tb.sim.FORCE.s4  NBodySim_tb.sim.FORCE.s3  NBodySim_tb.sim.FORCE.s4  NBodySim_tb.sim.FORCE.s3  NBodySim_tb.sim.FORCE.s2  NBodySim_tb.sim.FORCE.s3  NBodySim_tb.sim.FORCE.s2  NBodySim_tb.sim.FORCE.s1  NBodySim_tb.sim.FORCE.s2  NBodySim_tb.sim.FORCE.s1  NBodySim_tb.sim.FORCE.valid_out  NBodySim_tb.sim.FORCE.s1  NBodySim_tb.sim.FORCE.valid_out  {NBodySim_tb.sim.FORCE.force_y[31:0]}  NBodySim_tb.sim.FORCE.valid_out  {NBodySim_tb.sim.FORCE.force_y[31:0]}  {NBodySim_tb.sim.FORCE.force_x[31:0]}  {NBodySim_tb.sim.FORCE.force_y[31:0]}  {NBodySim_tb.sim.FORCE.force_x[31:0]}  NBodySim_tb.sim.FORCE.valid_in  {NBodySim_tb.sim.FORCE.force_x[31:0]}  NBodySim_tb.sim.FORCE.valid_in  NBodySim_tb.sim.FORCE.body_j  NBodySim_tb.sim.FORCE.valid_in  NBodySim_tb.sim.FORCE.body_j  NBodySim_tb.sim.FORCE.body_i  NBodySim_tb.sim.FORCE.body_j  NBodySim_tb.sim.FORCE.body_i  NBodySim_tb.sim.FORCE.body_j  NBodySim_tb.sim.FORCE.valid_in  {NBodySim_tb.sim.FORCE.force_x[31:0]}  {NBodySim_tb.sim.FORCE.force_y[31:0]}  NBodySim_tb.sim.FORCE.valid_out  NBodySim_tb.sim.FORCE.s1  NBodySim_tb.sim.FORCE.s2  NBodySim_tb.sim.FORCE.s3  NBodySim_tb.sim.FORCE.s4  NBodySim_tb.sim.FORCE.s5  NBodySim_tb.sim.FORCE.s6  {NBodySim_tb.sim.FORCE.softening_sq[31:0]}  {NBodySim_tb.sim.FORCE.sqrt_dist_sq[31:0]}  {NBodySim_tb.sim.FORCE.inv_dist[31:0]}  {NBodySim_tb.sim.FORCE.inv_dist3[31:0]}  {NBodySim_tb.sim.FORCE.magnitude[31:0]}  {NBodySim_tb.sim.FORCE.G[31:0]}  {NBodySim_tb.sim.FORCE.magnitude[31:0]}  {NBodySim_tb.sim.FORCE.G[31:0]}  {NBodySim_tb.sim.FORCE.magnitude[31:0]}   }
gui_list_create_group_when_add -wave -enable
gui_list_add -id Wave.1 -from Data.1 { NBodySim_tb.sim.FORCE.clk NBodySim_tb.sim.FORCE.reset NBodySim_tb.sim.FORCE.enable NBodySim_tb.sim.FORCE.body_i NBodySim_tb.sim.FORCE.body_j NBodySim_tb.sim.FORCE.valid_in {NBodySim_tb.sim.FORCE.force_x[31:0]} {NBodySim_tb.sim.FORCE.force_y[31:0]} NBodySim_tb.sim.FORCE.valid_out NBodySim_tb.sim.FORCE.s1 NBodySim_tb.sim.FORCE.s2 NBodySim_tb.sim.FORCE.s3 NBodySim_tb.sim.FORCE.s4 NBodySim_tb.sim.FORCE.s5 NBodySim_tb.sim.FORCE.s6 {NBodySim_tb.sim.FORCE.softening_sq[31:0]} {NBodySim_tb.sim.FORCE.sqrt_dist_sq[31:0]} {NBodySim_tb.sim.FORCE.inv_dist[31:0]} {NBodySim_tb.sim.FORCE.inv_dist3[31:0]} {NBodySim_tb.sim.FORCE.magnitude[31:0]} } -insertionbar
gui_sim_restart
gui_sim_continue  
gui_zoom -window Wave.1 -factor 0.5
gui_zoom -window Wave.1 -factor 0.5
gui_wv_scroll_hslidermove -id  Wave.1 409
gui_wv_scroll_hslidermove -id  Wave.1 244
gui_list_expand -id  Wave.1   NBodySim_tb.sim.FORCE.s5
gui_list_collapse -id  Wave.1   NBodySim_tb.sim.FORCE.s5
gui_wv_scroll_hslidermove -id  Wave.1 0
gui_list_expand -id  Wave.1   NBodySim_tb.sim.FORCE.s1
gui_marker_move -id  Wave.1 C1 155000
gui_marker_move -id  Wave.1 C1 135000
gui_marker_move -id  Wave.1 C1 75000
gui_sim_restart
gui_sim_continue  
gui_wv_scroll_hslidermove -id  Wave.1 0
gui_marker_move -id  Wave.1 C1 65000
gui_marker_move -id  Wave.1 C1 95000
gui_zoom -window Wave.1 -factor 2
gui_marker_move -id  Wave.1 C1 85000
gui_sim_restart
gui_sim_continue  
gui_wv_scroll_hslidermove -id  Wave.1 0
gui_marker_move -id  Wave.1 C1 95000
gui_marker_move -id  Wave.1 C1 85000
gui_marker_move -id  Wave.1 C1 95070
gui_marker_move -id  Wave.1 C1 85762
gui_list_expand -id  Wave.1   NBodySim_tb.sim.read_body
gui_list_collapse -id  Wave.1   NBodySim_tb.sim.read_body
gui_marker_move -id  Wave.1 C1 95000
gui_marker_move -id  Wave.1 C1 115000
gui_marker_move -id  Wave.1 C1 75000
gui_marker_move -id  Wave.1 C1 85000
gui_marker_move -id  Wave.1 C1 75000
gui_marker_move -id  Wave.1 C1 84100
gui_marker_move -id  Wave.1 C1 95000
gui_sim_restart
gui_sim_continue  
gui_wv_scroll_hslidermove -id  Wave.1 0
gui_marker_move -id  Wave.1 C1 95000
gui_marker_move -id  Wave.1 C1 105000
gui_marker_move -id  Wave.1 C1 115000
gui_marker_move -id  Wave.1 C1 105000
gui_marker_move -id  Wave.1 C1 95000
gui_marker_move -id  Wave.1 C1 105000
gui_sim_restart
gui_sim_continue  
gui_wv_scroll_hslidermove -id  Wave.1 0
gui_marker_move -id  Wave.1 C1 105000
gui_wv_scroll_hslidermove -id  Wave.1 247
gui_marker_move -id  Wave.1 C1 165000
gui_marker_select -id  Wave.1 { C1 }
gui_marker_move -id  Wave.1 C1 175000
gui_marker_move -id  Wave.1 C1 165000
gui_list_collapse -id  Wave.1   NBodySim_tb.sim.FORCE.s1
gui_list_expand -id  Wave.1   NBodySim_tb.sim.FORCE.s2
gui_list_expand -id  Wave.1   NBodySim_tb.sim.FORCE.s1
gui_list_collapse -id  Wave.1   NBodySim_tb.sim.FORCE.s1
gui_list_expand -id  Wave.1   NBodySim_tb.sim.FORCE.s3
gui_list_expand -id  Wave.1   NBodySim_tb.sim.FORCE.s4
gui_list_expand -id  Wave.1   NBodySim_tb.sim.FORCE.s5
gui_list_expand -id  Wave.1   NBodySim_tb.sim.FORCE.s6
gui_sim_restart
gui_sim_continue  
gui_wv_scroll_hslidermove -id  Wave.1 0
gui_list_select -id Data.1 -selected  {  }
gui_list_expand -id  Hier.1   NBodySim_tb.sim.FORCE
gui_list_select -id Hier.1 -current_item_name {NBodySim_tb.sim.FORCE.unnamed$$_9} -current_item_type Scope  -selected  { {NBodySim_tb.sim.FORCE.unnamed$$_9}   }
gui_list_select -id Hier.1 -current_item_name NBodySim_tb.sim.FORCE -current_item_type Scope  -selected  { NBodySim_tb.sim.FORCE   }
gui_sim_restart
gui_wv_zoom_timerange -id  Wave.1 190804 380777
gui_close_window -window TopLevel.2
gui_list_select -id Data.1 -selected  { NBodySim_tb.sim.FORCE.valid_in   }
gui_list_show_data -select -id  Data.1   NBodySim_tb.sim.FORCE.valid_in
gui_list_select -id Data.1 { NBodySim_tb.sim.FORCE.valid_out  NBodySim_tb.sim.FORCE.reset  NBodySim_tb.sim.FORCE.enable  NBodySim_tb.sim.FORCE.s1  NBodySim_tb.sim.FORCE.s2  NBodySim_tb.sim.FORCE.s3  NBodySim_tb.sim.FORCE.s4  NBodySim_tb.sim.FORCE.s5  {NBodySim_tb.sim.FORCE.force_x[31:0]}  {NBodySim_tb.sim.FORCE.force_y[31:0]}  NBodySim_tb.sim.FORCE.clk  NBodySim_tb.sim.FORCE.body_i  NBodySim_tb.sim.FORCE.body_j  {NBodySim_tb.sim.FORCE.G[31:0]}  NBodySim_tb.sim.FORCE.clk  NBodySim_tb.sim.FORCE.body_i  NBodySim_tb.sim.FORCE.body_j  {NBodySim_tb.sim.FORCE.G[31:0]}  NBodySim_tb.sim.FORCE.clk  {NBodySim_tb.sim.FORCE.force_y[31:0]}  NBodySim_tb.sim.FORCE.clk  {NBodySim_tb.sim.FORCE.force_y[31:0]}  NBodySim_tb.sim.FORCE.s5  {NBodySim_tb.sim.FORCE.force_x[31:0]}  {NBodySim_tb.sim.FORCE.force_y[31:0]}  NBodySim_tb.sim.FORCE.s5  NBodySim_tb.sim.FORCE.s4  NBodySim_tb.sim.FORCE.s5  NBodySim_tb.sim.FORCE.s4  NBodySim_tb.sim.FORCE.s3  NBodySim_tb.sim.FORCE.s4  NBodySim_tb.sim.FORCE.s3  NBodySim_tb.sim.FORCE.s1  NBodySim_tb.sim.FORCE.s2  NBodySim_tb.sim.FORCE.s3  NBodySim_tb.sim.FORCE.s1  NBodySim_tb.sim.FORCE.enable  NBodySim_tb.sim.FORCE.s1  NBodySim_tb.sim.FORCE.enable  NBodySim_tb.sim.FORCE.reset  NBodySim_tb.sim.FORCE.enable  NBodySim_tb.sim.FORCE.reset  NBodySim_tb.sim.FORCE.valid_out  NBodySim_tb.sim.FORCE.reset  NBodySim_tb.sim.FORCE.valid_out  NBodySim_tb.sim.FORCE.valid_in  NBodySim_tb.sim.FORCE.valid_out  NBodySim_tb.sim.FORCE.valid_in  NBodySim_tb.sim.FORCE.valid_out  NBodySim_tb.sim.FORCE.reset  NBodySim_tb.sim.FORCE.enable  NBodySim_tb.sim.FORCE.s1  NBodySim_tb.sim.FORCE.s2  NBodySim_tb.sim.FORCE.s3  NBodySim_tb.sim.FORCE.s4  NBodySim_tb.sim.FORCE.s5  {NBodySim_tb.sim.FORCE.force_x[31:0]}  {NBodySim_tb.sim.FORCE.force_y[31:0]}  NBodySim_tb.sim.FORCE.clk  NBodySim_tb.sim.FORCE.body_i  NBodySim_tb.sim.FORCE.body_j   }
gui_open_window Wave
gui_list_add -id Wave.1 -from Data.1 { NBodySim_tb.sim.FORCE.valid_in NBodySim_tb.sim.FORCE.valid_out NBodySim_tb.sim.FORCE.reset NBodySim_tb.sim.FORCE.enable NBodySim_tb.sim.FORCE.s1 NBodySim_tb.sim.FORCE.s2 NBodySim_tb.sim.FORCE.s3 NBodySim_tb.sim.FORCE.s4 NBodySim_tb.sim.FORCE.s5 {NBodySim_tb.sim.FORCE.force_x[31:0]} {NBodySim_tb.sim.FORCE.force_y[31:0]} NBodySim_tb.sim.FORCE.clk NBodySim_tb.sim.FORCE.body_i NBodySim_tb.sim.FORCE.body_j } -insertionbar
gui_sim_continue  
gui_wv_zoom_timerange -id  Wave.1 1084810 1085205
gui_wv_scroll_hslidermove -id  Wave.1 42634
gui_zoom -window Wave.1 -factor 0.5
gui_zoom -window Wave.1 -factor 0.5
gui_zoom -window Wave.1 -factor 0.5
gui_zoom -window Wave.1 -factor 0.5
gui_wv_scroll_hslidermove -id  Wave.1 36525
gui_wv_scroll_hslidermove -id  Wave.1 0
gui_wv_scroll_hslidermove -id  Wave.1 7270
gui_zoom -window Wave.1 -factor 0.5
gui_zoom -window Wave.1 -factor 0.5
gui_zoom -window Wave.1 -factor 0.5
gui_zoom -window Wave.1 -factor 0.5
gui_wv_scroll_hslidermove -id  Wave.1 948
gui_wv_scroll_hslidermove -id  Wave.1 1212
gui_list_expand -id  Wave.1   NBodySim_tb.sim.FORCE.s5
gui_list_expand -id  Wave.1   {NBodySim_tb.sim.FORCE.s5.inv_dist_sq[31:0]}
gui_list_collapse -id  Wave.1   {NBodySim_tb.sim.FORCE.s5.inv_dist_sq[31:0]}
gui_sim_restart
gui_sim_continue  
gui_wv_scroll_hslidermove -id  Wave.1 254
gui_wv_scroll_hslidermove -id  Wave.1 1119
gui_marker_move -id  Wave.1 C1 155000
gui_sim_restart
gui_sim_continue  
gui_wv_scroll_hslidermove -id  Wave.1 450
gui_wv_scroll_hslidermove -id  Wave.1 1084
gui_marker_move -id  Wave.1 C1 165000
gui_list_expand -id  Wave.1   NBodySim_tb.sim.FORCE.s4
gui_marker_move -id  Wave.1 C1 145000
gui_marker_move -id  Wave.1 C1 155000
gui_sim_restart
gui_sim_continue  
gui_wv_scroll_hslidermove -id  Wave.1 2157
gui_wv_scroll_hslidermove -id  Wave.1 1638
gui_marker_move -id  Wave.1 C1 165000
gui_wv_scroll_hslidermove -id  Wave.1 1442
gui_sim_restart
gui_sim_continue  
gui_wv_scroll_hslidermove -id  Wave.1 1003
gui_marker_move -id  Wave.1 C1 165000
gui_marker_move -id  Wave.1 C1 155000
gui_marker_move -id  Wave.1 C1 165000
gui_list_select -id Hier.1 -current_item_name NBodySim_tb.sim.BRAM -current_item_type Scope  -selected  { NBodySim_tb.sim.BRAM   }
gui_list_select -id Hier.1 -current_item_name NBodySim_tb.sim -current_item_type Scope  -selected  { NBodySim_tb.sim   }
gui_list_select -id Data.1 { NBodySim_tb.sim.nextState  NBodySim_tb.sim.read_body  NBodySim_tb.sim.reset  {NBodySim_tb.sim.G[31:0]}  {NBodySim_tb.sim.DT[31:0]}  {NBodySim_tb.sim.ADDR_WIDTH[31:0]}  {NBodySim_tb.sim.i[7:0]}  {NBodySim_tb.sim.j[7:0]}  NBodySim_tb.sim.incr_i  NBodySim_tb.sim.fc_en  {NBodySim_tb.sim.DT[31:0]}  {NBodySim_tb.sim.ADDR_WIDTH[31:0]}  {NBodySim_tb.sim.i[7:0]}  {NBodySim_tb.sim.j[7:0]}  NBodySim_tb.sim.incr_i  NBodySim_tb.sim.fc_en  {NBodySim_tb.sim.DT[31:0]}  NBodySim_tb.sim.reset  {NBodySim_tb.sim.G[31:0]}  {NBodySim_tb.sim.DT[31:0]}  NBodySim_tb.sim.reset  NBodySim_tb.sim.read_body  NBodySim_tb.sim.reset  NBodySim_tb.sim.read_body  NBodySim_tb.sim.nextState  NBodySim_tb.sim.read_body  NBodySim_tb.sim.nextState  NBodySim_tb.sim.read_body  NBodySim_tb.sim.reset  {NBodySim_tb.sim.G[31:0]}  {NBodySim_tb.sim.DT[31:0]}  {NBodySim_tb.sim.ADDR_WIDTH[31:0]}  {NBodySim_tb.sim.i[7:0]}  {NBodySim_tb.sim.j[7:0]}  NBodySim_tb.sim.incr_i  NBodySim_tb.sim.fc_en  {NBodySim_tb.sim.addr[14:0]}  NBodySim_tb.sim.incr_j  {NBodySim_tb.sim.N[31:0]}  {NBodySim_tb.sim.SOFTENING[31:0]}  {NBodySim_tb.sim.total_force_x[31:0]}  NBodySim_tb.sim.wr_en  {NBodySim_tb.sim.total_force_y[31:0]}  NBodySim_tb.sim.fc_valid  NBodySim_tb.sim.register_i  NBodySim_tb.sim.register_j  NBodySim_tb.sim.currState  {NBodySim_tb.sim.force_x[31:0]}  {NBodySim_tb.sim.force_y[31:0]}  NBodySim_tb.sim.clk  NBodySim_tb.sim.body_i  NBodySim_tb.sim.body_j  {NBodySim_tb.sim.write_data[79:0]}  NBodySim_tb.sim.done  NBodySim_tb.sim.start  NBodySim_tb.sim.fc_done   }
gui_list_add -id Wave.1 -from Data.1 { NBodySim_tb.sim.nextState NBodySim_tb.sim.read_body NBodySim_tb.sim.reset {NBodySim_tb.sim.G[31:0]} {NBodySim_tb.sim.DT[31:0]} {NBodySim_tb.sim.ADDR_WIDTH[31:0]} {NBodySim_tb.sim.i[7:0]} {NBodySim_tb.sim.j[7:0]} NBodySim_tb.sim.incr_i NBodySim_tb.sim.fc_en {NBodySim_tb.sim.addr[14:0]} NBodySim_tb.sim.incr_j {NBodySim_tb.sim.N[31:0]} {NBodySim_tb.sim.SOFTENING[31:0]} {NBodySim_tb.sim.total_force_x[31:0]} NBodySim_tb.sim.wr_en {NBodySim_tb.sim.total_force_y[31:0]} NBodySim_tb.sim.fc_valid NBodySim_tb.sim.register_i NBodySim_tb.sim.register_j NBodySim_tb.sim.currState {NBodySim_tb.sim.force_x[31:0]} {NBodySim_tb.sim.force_y[31:0]} NBodySim_tb.sim.clk NBodySim_tb.sim.body_i NBodySim_tb.sim.body_j {NBodySim_tb.sim.write_data[79:0]} NBodySim_tb.sim.done NBodySim_tb.sim.start NBodySim_tb.sim.fc_done } -insertionbar
gui_sim_restart
gui_sim_continue  
gui_wv_scroll_hslidermove -id  Wave.1 35
gui_list_select -id Wave.1 -selected  { {NBodySim_tb.sim.total_force_x[31:0]}   }
gui_wv_scroll_hslidermove -id  Wave.1 334
gui_wv_scroll_hslidermove -id  Wave.1 1188
gui_marker_move -id  Wave.1 C1 165000
gui_wv_scroll_hslidermove -id  Wave.1 2145
gui_marker_move -id  Wave.1 C1 225857
gui_marker_move -id  Wave.1 C1 235000
gui_list_collapse -id  Wave.1   NBodySim_tb.sim.FORCE.s4
gui_list_collapse -id  Wave.1   NBodySim_tb.sim.FORCE.s5
gui_wv_scroll_hslidermove -id  Wave.1 1707
gui_marker_move -id  Wave.1 C1 215000
gui_marker_move -id  Wave.1 C1 235000
