Flow report for top_divide_fpga
Tue Apr  8 19:35:48 2025
Quartus Prime Version 23.1std.1 Build 993 05/14/2024 SC Standard Edition


---------------------
; Table of Contents ;
---------------------
  1. Legal Notice
  2. Flow Summary
  3. Flow Settings
  4. Flow Non-Default Global Settings
  5. Flow Elapsed Time
  6. Flow OS Summary
  7. Flow Log
  8. Flow Messages
  9. Flow Suppressed Messages



----------------
; Legal Notice ;
----------------
Copyright (C) 2024  Intel Corporation. All rights reserved.
Your use of Intel Corporation's design tools, logic functions 
and other software and tools, and any partner logic 
functions, and any output files from any of the foregoing 
(including device programming or simulation files), and any 
associated documentation or information are expressly subject 
to the terms and conditions of the Intel Program License 
Subscription Agreement, the Intel Quartus Prime License Agreement,
the Intel FPGA IP License Agreement, or other applicable license
agreement, including, without limitation, that your use is for
the sole purpose of programming logic devices manufactured by
Intel and sold by Intel or its authorized distributors.  Please
refer to the applicable agreement for further details, at
https://fpgasoftware.intel.com/eula.



+-----------------------------------------------------------------------------------------+
; Flow Summary                                                                            ;
+------------------------------------+----------------------------------------------------+
; Flow Status                        ; Successful - Tue Apr  8 19:35:48 2025              ;
; Quartus Prime Version              ; 23.1std.1 Build 993 05/14/2024 SC Standard Edition ;
; Revision Name                      ; top_divide_fpga                                    ;
; Top-level Entity Name              ; top_divide_fpga                                    ;
; Family                             ; Cyclone IV E                                       ;
; Device                             ; EP4CE115F29C7                                      ;
; Timing Models                      ; Final                                              ;
; Total logic elements               ; 288 / 114,480 ( < 1 % )                            ;
;     Total combinational functions  ; 288 / 114,480 ( < 1 % )                            ;
;     Dedicated logic registers      ; 0 / 114,480 ( 0 % )                                ;
; Total registers                    ; 0                                                  ;
; Total pins                         ; 46 / 529 ( 9 % )                                   ;
; Total virtual pins                 ; 0                                                  ;
; Total memory bits                  ; 0 / 3,981,312 ( 0 % )                              ;
; Embedded Multiplier 9-bit elements ; 0 / 532 ( 0 % )                                    ;
; Total PLLs                         ; 0 / 4 ( 0 % )                                      ;
+------------------------------------+----------------------------------------------------+


+-----------------------------------------+
; Flow Settings                           ;
+-------------------+---------------------+
; Option            ; Setting             ;
+-------------------+---------------------+
; Start date & time ; 04/08/2025 19:35:32 ;
; Main task         ; Compilation         ;
; Revision Name     ; top_divide_fpga     ;
+-------------------+---------------------+


+------------------------------------------------------------------------------------------------------------------------------------------------+
; Flow Non-Default Global Settings                                                                                                               ;
+-------------------------------------+----------------------------------------+---------------+-------------+-----------------------------------+
; Assignment Name                     ; Value                                  ; Default Value ; Entity Name ; Section Id                        ;
+-------------------------------------+----------------------------------------+---------------+-------------+-----------------------------------+
; COMPILER_SIGNATURE_ID               ; 817182748518.174415533246337           ; --            ; --          ; --                                ;
; EDA_GENERATE_FUNCTIONAL_NETLIST     ; Off                                    ; --            ; --          ; eda_board_design_timing           ;
; EDA_GENERATE_FUNCTIONAL_NETLIST     ; Off                                    ; --            ; --          ; eda_board_design_boundary_scan    ;
; EDA_GENERATE_FUNCTIONAL_NETLIST     ; Off                                    ; --            ; --          ; eda_board_design_signal_integrity ;
; EDA_GENERATE_FUNCTIONAL_NETLIST     ; Off                                    ; --            ; --          ; eda_board_design_symbol           ;
; EDA_OUTPUT_DATA_FORMAT              ; Verilog Hdl                            ; --            ; --          ; eda_simulation                    ;
; EDA_SIMULATION_TOOL                 ; Questa Intel FPGA (Verilog)            ; <None>        ; --          ; --                                ;
; EDA_TIME_SCALE                      ; 1 ps                                   ; --            ; --          ; eda_simulation                    ;
; MAX_CORE_JUNCTION_TEMP              ; 85                                     ; --            ; --          ; --                                ;
; MIN_CORE_JUNCTION_TEMP              ; 0                                      ; --            ; --          ; --                                ;
; NOMINAL_CORE_SUPPLY_VOLTAGE         ; 1.2V                                   ; --            ; --          ; --                                ;
; PARTITION_COLOR                     ; -- (Not supported for targeted family) ; --            ; --          ; Top                               ;
; PARTITION_FITTER_PRESERVATION_LEVEL ; -- (Not supported for targeted family) ; --            ; --          ; Top                               ;
; PARTITION_NETLIST_TYPE              ; -- (Not supported for targeted family) ; --            ; --          ; Top                               ;
; PROJECT_OUTPUT_DIRECTORY            ; output_files                           ; --            ; --          ; --                                ;
+-------------------------------------+----------------------------------------+---------------+-------------+-----------------------------------+


+--------------------------------------------------------------------------------------------------------------------------+
; Flow Elapsed Time                                                                                                        ;
+----------------------+--------------+-------------------------+---------------------+------------------------------------+
; Module Name          ; Elapsed Time ; Average Processors Used ; Peak Virtual Memory ; Total CPU Time (on all processors) ;
+----------------------+--------------+-------------------------+---------------------+------------------------------------+
; Analysis & Synthesis ; 00:00:04     ; 1.0                     ; 470 MB              ; 00:00:13                           ;
; Fitter               ; 00:00:05     ; 1.0                     ; 1819 MB             ; 00:00:10                           ;
; Assembler            ; 00:00:02     ; 1.0                     ; 418 MB              ; 00:00:01                           ;
; Timing Analyzer      ; 00:00:02     ; 1.0                     ; 713 MB              ; 00:00:01                           ;
; EDA Netlist Writer   ; 00:00:01     ; 1.0                     ; 655 MB              ; 00:00:00                           ;
; Total                ; 00:00:14     ; --                      ; --                  ; 00:00:25                           ;
+----------------------+--------------+-------------------------+---------------------+------------------------------------+


+---------------------------------------------------------------------------------------------+
; Flow OS Summary                                                                             ;
+----------------------+------------------------------+---------+------------+----------------+
; Module Name          ; Machine Hostname             ; OS Name ; OS Version ; Processor type ;
+----------------------+------------------------------+---------+------------+----------------+
; Analysis & Synthesis ; hh-1305-04.lan.local.cmu.edu ; Red Hat ; Red Hat    ; x86_64         ;
; Fitter               ; hh-1305-04.lan.local.cmu.edu ; Red Hat ; Red Hat    ; x86_64         ;
; Assembler            ; hh-1305-04.lan.local.cmu.edu ; Red Hat ; Red Hat    ; x86_64         ;
; Timing Analyzer      ; hh-1305-04.lan.local.cmu.edu ; Red Hat ; Red Hat    ; x86_64         ;
; EDA Netlist Writer   ; hh-1305-04.lan.local.cmu.edu ; Red Hat ; Red Hat    ; x86_64         ;
+----------------------+------------------------------+---------+------------+----------------+


------------
; Flow Log ;
------------
quartus_map --read_settings_files=on --write_settings_files=off DivisionTestFPGA -c top_divide_fpga
quartus_fit --read_settings_files=off --write_settings_files=off DivisionTestFPGA -c top_divide_fpga
quartus_asm --read_settings_files=off --write_settings_files=off DivisionTestFPGA -c top_divide_fpga
quartus_sta DivisionTestFPGA -c top_divide_fpga
quartus_eda --read_settings_files=off --write_settings_files=off DivisionTestFPGA -c top_divide_fpga



